2018-03-23 11:57:04 : Старт программы
2018-03-23 11:57:07 : Вход в программу под логином vlasovan и паролем 72896
2018-03-23 11:57:16 : Подключение к КА без ошибок
2018-03-23 11:57:17 : Тип чека изменился на реимбурсацию
2018-03-23 11:57:23 : Добавлен товар из списка реимбурсации
2018-03-23 11:57:26 : Добавлена карта FF432 и заполнена информация о клиенте
2018-03-23 11:58:04 : Старт программы
2018-03-23 11:58:06 : Вход в программу под логином vlasovan и паролем 72896
2018-03-23 11:58:19 : Подключение к КА при помощи мыши
2018-03-23 11:58:21 : Тип чека изменился на реимбурсацию
2018-03-23 11:58:27 : Добавлен товар из списка реимбурсации
2018-03-23 11:58:31 : Добавлена карта FF432 и заполнена информация о клиенте
2018-03-23 11:59:30 : Старт программы
2018-03-23 11:59:33 : Вход в программу под логином vlasovan и паролем 72896
2018-03-23 11:59:46 : Подключение к КА при помощи мыши
2018-03-23 11:59:47 : Тип чека изменился на реимбурсацию
2018-03-23 11:59:53 : Добавлен товар из списка реимбурсации
2018-03-23 11:59:57 : Добавлена карта FF432 и заполнена информация о клиенте
2018-03-23 12:00:02 : Пробитие чека наличка
2018-03-23 12:00:03 : Закрыта форма чек
2018-03-23 12:00:07 : Возврат. Открыт последний пробитый чек
2018-03-23 12:00:14 : Возврат. Пробит последний пробитый чек
2018-03-23 12:00:14 : Тест завершен успешно.
2018-03-23 12:05:50 : Старт программы
2018-03-23 12:05:53 : Вход в программу под логином vlasovan и паролем 72896
2018-03-23 12:06:06 : Подключение к КА при помощи мыши
2018-03-23 12:06:07 : Тип чека изменился на реимбурсацию
2018-03-23 12:06:13 : Добавлен товар из списка реимбурсации
2018-03-23 12:06:17 : Добавлена карта FF432 и заполнена информация о клиенте
2018-03-23 12:06:21 : Пробитие чека наличка
2018-03-23 12:06:22 : Закрыта форма чек
2018-03-23 12:06:26 : Возврат. Открыт последний пробитый чек
2018-03-23 12:06:33 : Возврат. Пробит последний пробитый чек
2018-03-23 12:06:33 : Тест завершен успешно.
2018-03-23 13:04:18 : Старт программы
2018-03-23 13:04:21 : Вход в программу под логином vlasovan и паролем 72896
2018-03-23 13:04:33 : Подключение к КА при помощи мыши
2018-03-23 13:04:35 : Тип чека изменился на реимбурсацию
2018-03-23 13:04:41 : Добавлен товар из списка реимбурсации
2018-03-23 13:04:44 : Добавлена карта FF432 и заполнена информация о клиенте
2018-03-23 13:04:48 : Пробитие чека наличка
2018-03-23 13:04:50 : Закрыта форма чек
2018-03-23 13:04:54 : Возврат. Открыт последний пробитый чек
2018-03-23 13:05:00 : Возврат. Пробит последний пробитый чек
2018-03-23 13:05:01 : Тест завершен успешно.
