2018-03-07 14:08:19 : Старт программы
2018-03-07 14:08:21 : Вход в программу под логином robot и паролем 13579
2018-03-07 14:08:38 : Подключение к КА при помощи мыши
2018-03-07 14:08:44 : Добавлен товар в чек. Клавиатура на 6 строк ниже.
2018-03-07 14:08:48 : Добавлена тестовая дисконтная карта T159874
2018-03-07 14:08:53 : Добавлен товар в чек. Клавиатура
2018-03-07 14:08:59 : Добавлен товар в чек. Дробное количество
2018-03-07 14:09:04 : Добавлен товар в чек. Поиск по маске
2018-03-07 14:09:10 : Списано 200 бонусов
2018-03-07 14:09:21 : Добавлен товар в чек. Мышь
2018-03-07 14:09:23 : Отработана кнопка промо
2018-03-07 14:09:28 : Чек пробит по банковской карте
2018-03-07 14:09:34 : Закрыта форма чек
2018-03-07 14:09:38 : Возврат. Открыт последний пробитый чек
2018-03-07 14:09:45 : Возврат. Пробит последний пробитый чек
2018-03-07 14:09:46 : Тест завершен успешно.
2018-03-07 14:13:34 : Старт программы
2018-03-07 14:13:36 : Вход в программу под логином robot и паролем 13579
2018-03-07 14:13:53 : Подключение к КА при помощи мыши
2018-03-07 14:13:59 : Добавлен товар в чек. Клавиатура на 6 строк ниже.
2018-03-07 14:14:02 : Добавлена тестовая дисконтная карта T159874
2018-03-07 14:14:08 : Добавлен товар в чек. Клавиатура
2018-03-07 14:14:13 : Добавлен товар в чек. Дробное количество
2018-03-07 14:14:19 : Добавлен товар в чек. Поиск по маске
2018-03-07 14:14:25 : Списано 200 бонусов
2018-03-07 14:14:31 : Добавлен товар в чек. Мышь
2018-03-07 14:14:32 : Отработана кнопка промо
2018-03-07 14:14:39 : Чек пробит по банковской карте
2018-03-07 14:14:46 : Закрыта форма чек
2018-03-07 14:14:50 : Возврат. Открыт последний пробитый чек
2018-03-07 14:14:57 : Возврат. Пробит последний пробитый чек
2018-03-07 14:14:57 : Тест завершен успешно.
