2018-03-23 13:02:32 : Старт программы
2018-03-23 13:02:34 : Вход в программу под логином vlasovan и паролем 72896
2018-03-23 13:02:47 : Подключение к КА при помощи мыши
2018-03-23 13:02:53 : Добавлен товар в чек. Клавиатура на 6 строк ниже.
2018-03-23 13:02:56 : Добавлена тестовая дисконтная карта T159874
2018-03-23 13:03:02 : Добавлен товар в чек. Клавиатура
2018-03-23 13:03:07 : Добавлен товар в чек. Дробное количество
2018-03-23 13:03:13 : Добавлен товар в чек. Поиск по маске
2018-03-23 13:03:18 : Добавлен товар в чек. Мышь
2018-03-23 13:03:20 : Отработана кнопка промо
2018-03-23 13:03:22 : Добавлена карта страховой ff001
2018-03-23 13:03:23 : Заполнена франшиза 10%
2018-03-23 13:03:24 : Заполнены данные покупателя
2018-03-23 13:03:25 : Тип чека изменился на доставка
2018-03-23 13:03:27 : Заполнена данные ФИО: Власов Андрей Николаевич
2018-03-23 13:03:28 : Заполнена данные ТЕЛЕФОН: 0642508571
2018-03-23 13:03:28 : Заполнена данные АДРЕС: г. Луганск ул. Будённого 59ж
2018-03-23 13:03:29 : Заполнена данные ВРЕМЯ: 12 00
2018-03-23 13:03:29 : Заполнена данные КОММЕНТАРИЙ: Доставить в назначенное время
2018-03-23 13:03:32 : Заполнена данные ТТН: 87654321
2018-03-23 13:03:33 : Заполнена данные СУММА: 1000
2018-03-23 13:03:33 : Успешно заполнена информация о доставке
2018-03-23 13:03:40 : Пробитие чека наличка
2018-03-23 13:03:42 : Закрыта форма чек
2018-03-23 13:03:46 : Возврат. Открыт последний пробитый чек
2018-03-23 13:03:52 : Возврат. Пробит последний пробитый чек
2018-03-23 13:03:53 : Тест завершен успешно.
