2018-03-07 14:25:55 : Старт программы
2018-03-07 14:25:57 : Вход в программу под логином vlasovan и паролем 72896
2018-03-07 14:26:14 : Подключение к КА при помощи мыши
2018-03-07 14:26:19 : Добавлен товар в чек. Клавиатура на 6 строк ниже.
2018-03-07 14:26:21 : Добавлена тестовая дисконтная карта T159874
2018-03-07 14:26:25 : Добавлен товар в чек. Клавиатура
2018-03-07 14:26:31 : Добавлен товар в чек. Поиск по маске
2018-03-07 14:26:34 : Списано 200 бонусов
2018-03-07 14:26:36 : Отработана кнопка промо
2018-03-07 14:26:36 : Тип чека изменился на доставка ТТ
2018-03-07 14:26:39 : Заполнена данные ФИО: Власов Андрей Николаевич
2018-03-07 14:26:39 : Заполнена данные ТЕЛЕФОН: 0642508571
2018-03-07 14:26:40 : Заполнена данные АДРЕС: г. Луганск ул. Будённого 59ж
2018-03-07 14:26:40 : Заполнена данные ВРЕМЯ: 12 00
2018-03-07 14:26:40 : Заполнена данные КОММЕНТАРИЙ: Доставить в назначенное время
2018-03-07 14:26:42 : Заполнена данные ТТН: 87654321
2018-03-07 14:26:42 : Заполнена данные СУММА: 1000
2018-03-07 14:26:43 : Успешно заполнена информация о доставке
2018-03-07 14:26:46 : Пробитие чека наличка
2018-03-07 14:26:50 : Закрыта форма чек
2018-03-07 14:26:52 : Возврат. Открыт последний пробитый чек
2018-03-07 14:26:57 : Возврат. Пробит последний пробитый чек
2018-03-07 14:26:57 : Тест завершен успешно.
